2022.08.02 08:35:00 INFO  tracing is disabled for protocol LSP, to enable tracing of incoming and outgoing JSON messages create an empty file at c:\Users\Jcsus\Desktop\Scala-Exercises\.metals\lsp.trace.json or C:\Users\Jcsus\AppData\Local\scalameta\metals\cache\lsp.trace.json
2022.08.02 08:35:01 INFO  logging to file C:\Users\Jcsus\Desktop\Scala-Exercises\.metals\metals.log
2022.08.02 08:35:01 INFO  Started: Metals version 0.11.7 in workspace 'C:\Users\Jcsus\Desktop\Scala-Exercises' for client Visual Studio Code 1.69.2.
2022.08.02 08:35:03 INFO  time: initialize in 1.14s
2022.08.02 08:35:03 WARN  Flyway upgrade recommended: H2 2.1.214 is newer than this version of Flyway and support has not been tested. The latest supported version of H2 is 2.1.210.
2022.08.02 08:35:03 WARN  Build server is not auto-connectable.
2022.08.02 08:35:03 WARN  no build tool detected in workspace 'C:\Users\Jcsus\Desktop\Scala-Exercises'. The most common cause for this problem is that the editor was opened in the wrong working directory, for example if you use sbt then the workspace directory should contain build.sbt. 
2022.08.02 08:35:04 WARN  no build target for: C:\Users\Jcsus\Desktop\Scala-Exercises\src\Leap.scala
2022.08.02 08:35:06 INFO  no build target found for C:\Users\Jcsus\Desktop\Scala-Exercises\src\Leap.scala. Using presentation compiler with project's scala-library version: 3.1.3
ago 02, 2022 8:35:07 AM org.eclipse.lsp4j.jsonrpc.RemoteEndpoint fallbackResponseError
GRAVE: Internal error: java.lang.reflect.InvocationTargetException
java.lang.RuntimeException: java.lang.reflect.InvocationTargetException
	at org.eclipse.lsp4j.jsonrpc.services.GenericEndpoint.lambda$null$0(GenericEndpoint.java:67)
	at org.eclipse.lsp4j.jsonrpc.services.GenericEndpoint.request(GenericEndpoint.java:120)
	at org.eclipse.lsp4j.jsonrpc.RemoteEndpoint.handleRequest(RemoteEndpoint.java:261)
	at org.eclipse.lsp4j.jsonrpc.RemoteEndpoint.consume(RemoteEndpoint.java:190)
	at org.eclipse.lsp4j.jsonrpc.json.StreamMessageProducer.handleMessage(StreamMessageProducer.java:194)
	at org.eclipse.lsp4j.jsonrpc.json.StreamMessageProducer.listen(StreamMessageProducer.java:94)
	at org.eclipse.lsp4j.jsonrpc.json.ConcurrentMessageProcessor.run(ConcurrentMessageProcessor.java:113)
	at java.util.concurrent.Executors$RunnableAdapter.call(Executors.java:511)
	at java.util.concurrent.FutureTask.run(FutureTask.java:266)
	at java.util.concurrent.ThreadPoolExecutor.runWorker(ThreadPoolExecutor.java:1149)
	at java.util.concurrent.ThreadPoolExecutor$Worker.run(ThreadPoolExecutor.java:624)
	at java.lang.Thread.run(Thread.java:748)
Caused by: java.lang.reflect.InvocationTargetException
	at sun.reflect.NativeMethodAccessorImpl.invoke0(Native Method)
	at sun.reflect.NativeMethodAccessorImpl.invoke(NativeMethodAccessorImpl.java:62)
	at sun.reflect.DelegatingMethodAccessorImpl.invoke(DelegatingMethodAccessorImpl.java:43)
	at java.lang.reflect.Method.invoke(Method.java:498)
	at org.eclipse.lsp4j.jsonrpc.services.GenericEndpoint.lambda$null$0(GenericEndpoint.java:65)
	... 11 more
Caused by: java.lang.IllegalArgumentException: 4 is not a valid line number, allowed [0..0]
	at scala.meta.internal.inputs.InternalInput.lineToOffset(InternalInput.scala:37)
	at scala.meta.internal.inputs.InternalInput.lineToOffset$(InternalInput.scala:32)
	at scala.meta.inputs.Input$VirtualFile.lineToOffset(Input.scala:80)
	at scala.meta.inputs.Position$Range$.apply(Position.scala:59)
	at scala.meta.internal.mtags.MtagsEnrichments$XtensionPositionLspInverse.toMeta(MtagsEnrichments.scala:179)
	at scala.meta.internal.parsing.Trees.$anonfun$findLastEnclosingAt$4(Trees.scala:77)
	at scala.Option.flatMap(Option.scala:283)
	at scala.meta.internal.parsing.Trees.findLastEnclosingAt(Trees.scala:76)
	at scala.meta.internal.metals.codeactions.PatternMatchRefactor.contribute(PatternMatchRefactor.scala:96)
	at scala.meta.internal.metals.CodeActionProvider$$anonfun$1.applyOrElse(CodeActionProvider.scala:66)
	at scala.meta.internal.metals.CodeActionProvider$$anonfun$1.applyOrElse(CodeActionProvider.scala:65)
	at scala.collection.immutable.List.collect(List.scala:275)
	at scala.meta.internal.metals.CodeActionProvider.codeActions(CodeActionProvider.scala:65)
	at scala.meta.internal.metals.MetalsLanguageServer.$anonfun$codeAction$1(MetalsLanguageServer.scala:1652)
	at scala.meta.internal.metals.CancelTokens$.future(CancelTokens.scala:38)
	at scala.meta.internal.metals.MetalsLanguageServer.codeAction(MetalsLanguageServer.scala:1651)
	... 16 more

2022.08.02 08:35:07 WARN  no build target for: C:\Users\Jcsus\Desktop\Scala-Exercises\src\Leap.scala
2022.08.02 08:35:09 INFO  time: code lens generation in 2.31s
2022.08.02 08:35:09 INFO  time: code lens generation in 4.07s
2022.08.02 08:41:06 WARN  no build target for: C:\Users\Jcsus\Desktop\Scala-Exercises\src\Bob.scala
2022.08.02 08:42:12 WARN  no build target for: C:\Users\Jcsus\Desktop\Scala-Exercises\src\Bob.scala
2022.08.02 08:42:26 WARN  no build target for: C:\Users\Jcsus\Desktop\Scala-Exercises\src\Bob.scala
2022.08.02 08:42:51 WARN  no build target for: C:\Users\Jcsus\Desktop\Scala-Exercises\src\Bob.scala
2022.08.02 08:42:56 WARN  no build target for: C:\Users\Jcsus\Desktop\Scala-Exercises\src\Leap.scala
2022.08.02 08:42:56 WARN  no build target for: C:\Users\Jcsus\Desktop\Scala-Exercises\src\Leap.scala
2022.08.02 08:43:52 WARN  no build target for: C:\Users\Jcsus\Desktop\Scala-Exercises\src\Bob.scala
2022.08.02 08:44:02 WARN  no build target for: C:\Users\Jcsus\Desktop\Scala-Exercises\src\Bob.scala
2022.08.02 08:44:13 WARN  no build target for: C:\Users\Jcsus\Desktop\Scala-Exercises\src\Bob.scala
2022.08.02 08:46:34 WARN  no build target for: C:\Users\Jcsus\Desktop\Scala-Exercises\src\Bob.scala
2022.08.02 08:48:16 WARN  no build target for: C:\Users\Jcsus\Desktop\Scala-Exercises\src\Bob.scala
2022.08.02 08:48:34 WARN  no build target for: C:\Users\Jcsus\Desktop\Scala-Exercises\src\Bob.scala
2022.08.02 08:48:55 WARN  no build target for: C:\Users\Jcsus\Desktop\Scala-Exercises\src\Bob.scala
2022.08.02 08:52:55 WARN  no build target for: C:\Users\Jcsus\Desktop\Scala-Exercises\src\Bob.scala
2022.08.02 08:53:17 WARN  no build target for: C:\Users\Jcsus\Desktop\Scala-Exercises\src\Bob.scala
2022.08.02 19:30:06 INFO  shutting down Metals
2022.08.03 09:54:35 INFO  tracing is disabled for protocol LSP, to enable tracing of incoming and outgoing JSON messages create an empty file at c:\Users\Jcsus\Desktop\Scala-Exercises\.metals\lsp.trace.json or C:\Users\Jcsus\AppData\Local\scalameta\metals\cache\lsp.trace.json
2022.08.03 09:54:37 INFO  logging to file C:\Users\Jcsus\Desktop\Scala-Exercises\.metals\metals.log
2022.08.03 09:54:37 INFO  Started: Metals version 0.11.7 in workspace 'C:\Users\Jcsus\Desktop\Scala-Exercises' for client Visual Studio Code 1.69.2.
2022.08.03 09:54:39 INFO  time: initialize in 2.28s
2022.08.03 09:54:40 WARN  Flyway upgrade recommended: H2 2.1.214 is newer than this version of Flyway and support has not been tested. The latest supported version of H2 is 2.1.210.
2022.08.03 09:54:40 WARN  Build server is not auto-connectable.
2022.08.03 09:54:40 WARN  no build tool detected in workspace 'C:\Users\Jcsus\Desktop\Scala-Exercises'. The most common cause for this problem is that the editor was opened in the wrong working directory, for example if you use sbt then the workspace directory should contain build.sbt. 
2022.08.03 09:54:42 WARN  no build target for: C:\Users\Jcsus\Desktop\Scala-Exercises\src\Bob.scala
ago 03, 2022 9:54:43 AM org.eclipse.lsp4j.jsonrpc.RemoteEndpoint handleCancellation
ADVERTENCIA: Unmatched cancel notification for request id 1
2022.08.03 09:54:43 INFO  shutting down Metals
2022.08.03 09:54:47 INFO  no build target found for C:\Users\Jcsus\Desktop\Scala-Exercises\src\Bob.scala. Using presentation compiler with project's scala-library version: 3.1.3
2022.08.04 22:28:38 INFO  tracing is disabled for protocol LSP, to enable tracing of incoming and outgoing JSON messages create an empty file at c:\Users\Jcsus\Desktop\Scala-Exercises\.metals\lsp.trace.json or C:\Users\Jcsus\AppData\Local\scalameta\metals\cache\lsp.trace.json
2022.08.04 22:28:40 INFO  logging to file C:\Users\Jcsus\Desktop\Scala-Exercises\.metals\metals.log
2022.08.04 22:28:40 INFO  Started: Metals version 0.11.7 in workspace 'C:\Users\Jcsus\Desktop\Scala-Exercises' for client Visual Studio Code 1.70.0.
2022.08.04 22:28:41 INFO  time: initialize in 1.23s
2022.08.04 22:28:41 WARN  Flyway upgrade recommended: H2 2.1.214 is newer than this version of Flyway and support has not been tested. The latest supported version of H2 is 2.1.210.
2022.08.04 22:28:41 WARN  Build server is not auto-connectable.
2022.08.04 22:28:41 WARN  no build tool detected in workspace 'C:\Users\Jcsus\Desktop\Scala-Exercises'. The most common cause for this problem is that the editor was opened in the wrong working directory, for example if you use sbt then the workspace directory should contain build.sbt. 
2022.08.04 22:28:43 WARN  no build target for: C:\Users\Jcsus\Desktop\Scala-Exercises\src\Bob.scala
2022.08.04 22:28:45 INFO  no build target found for C:\Users\Jcsus\Desktop\Scala-Exercises\src\Bob.scala. Using presentation compiler with project's scala-library version: 3.1.3
ago 04, 2022 10:28:46 PM org.eclipse.lsp4j.jsonrpc.RemoteEndpoint handleCancellation
ADVERTENCIA: Unmatched cancel notification for request id 6
2022.08.04 22:28:48 INFO  time: code lens generation in 2.15s
2022.08.04 22:28:48 INFO  time: code lens generation in 2.07s
2022.08.04 22:28:48 INFO  time: code lens generation in 2.07s
2022.08.04 22:28:48 INFO  time: code lens generation in 2.03s
2022.08.04 22:28:48 INFO  time: code lens generation in 5.32s
2022.08.04 22:47:46 WARN  no build target for: C:\Users\Jcsus\Desktop\Scala-Exercises\src\Bob.scala
2022.08.04 22:47:54 WARN  no build target for: C:\Users\Jcsus\Desktop\Scala-Exercises\src\worksheet.sc
2022.08.04 22:48:14 WARN  no build target for: C:\Users\Jcsus\Desktop\Scala-Exercises\src\worksheet.sc
2022.08.04 22:48:18 WARN  no build target for: C:\Users\Jcsus\Desktop\Scala-Exercises\src\worksheet.sc
2022.08.04 22:48:26 WARN  no build target for: C:\Users\Jcsus\Desktop\Scala-Exercises\src\worksheet.sc
2022.08.04 22:48:26 WARN  no build target for: C:\Users\Jcsus\Desktop\Scala-Exercises\src\worksheet.sc
2022.08.04 22:48:26 WARN  no build target for: C:\Users\Jcsus\Desktop\Scala-Exercises\src\worksheet.sc
2022.08.04 22:48:27 WARN  no build target for: C:\Users\Jcsus\Desktop\Scala-Exercises\src\worksheet.sc
2022.08.04 23:31:06 WARN  no build target for: C:\Users\Jcsus\Desktop\Scala-Exercises\src\Leap.scala
2022.08.04 23:31:23 WARN  no build target for: C:\Users\Jcsus\Desktop\Scala-Exercises\MatchingBrackets.scala
ago 04, 2022 11:31:52 PM org.eclipse.lsp4j.jsonrpc.RemoteEndpoint handleCancellation
ADVERTENCIA: Unmatched cancel notification for request id 236
2022.08.04 23:32:04 WARN  no build target for: C:\Users\Jcsus\Desktop\Scala-Exercises\MatchingBrackets.scala
2022.08.04 23:33:56 WARN  no build target for: C:\Users\Jcsus\Desktop\Scala-Exercises\src\MatchingBrackets.scala
2022.08.04 23:34:02 WARN  no build target for: C:\Users\Jcsus\Desktop\Scala-Exercises\src\FlattenArray.scala
ago 04, 2022 11:34:04 PM org.eclipse.lsp4j.jsonrpc.RemoteEndpoint fallbackResponseError
GRAVE: Internal error: java.lang.reflect.InvocationTargetException
java.lang.RuntimeException: java.lang.reflect.InvocationTargetException
	at org.eclipse.lsp4j.jsonrpc.services.GenericEndpoint.lambda$null$0(GenericEndpoint.java:67)
	at org.eclipse.lsp4j.jsonrpc.services.GenericEndpoint.request(GenericEndpoint.java:120)
	at org.eclipse.lsp4j.jsonrpc.RemoteEndpoint.handleRequest(RemoteEndpoint.java:261)
	at org.eclipse.lsp4j.jsonrpc.RemoteEndpoint.consume(RemoteEndpoint.java:190)
	at org.eclipse.lsp4j.jsonrpc.json.StreamMessageProducer.handleMessage(StreamMessageProducer.java:194)
	at org.eclipse.lsp4j.jsonrpc.json.StreamMessageProducer.listen(StreamMessageProducer.java:94)
	at org.eclipse.lsp4j.jsonrpc.json.ConcurrentMessageProcessor.run(ConcurrentMessageProcessor.java:113)
	at java.util.concurrent.Executors$RunnableAdapter.call(Executors.java:511)
	at java.util.concurrent.FutureTask.run(FutureTask.java:266)
	at java.util.concurrent.ThreadPoolExecutor.runWorker(ThreadPoolExecutor.java:1149)
	at java.util.concurrent.ThreadPoolExecutor$Worker.run(ThreadPoolExecutor.java:624)
	at java.lang.Thread.run(Thread.java:748)
Caused by: java.lang.reflect.InvocationTargetException
	at sun.reflect.GeneratedMethodAccessor6.invoke(Unknown Source)
	at sun.reflect.DelegatingMethodAccessorImpl.invoke(DelegatingMethodAccessorImpl.java:43)
	at java.lang.reflect.Method.invoke(Method.java:498)
	at org.eclipse.lsp4j.jsonrpc.services.GenericEndpoint.lambda$null$0(GenericEndpoint.java:65)
	... 11 more
Caused by: java.lang.IllegalArgumentException: 7 is not a valid line number, allowed [0..0]
	at scala.meta.internal.inputs.InternalInput.lineToOffset(InternalInput.scala:37)
	at scala.meta.internal.inputs.InternalInput.lineToOffset$(InternalInput.scala:32)
	at scala.meta.inputs.Input$VirtualFile.lineToOffset(Input.scala:80)
	at scala.meta.inputs.Position$Range$.apply(Position.scala:59)
	at scala.meta.internal.mtags.MtagsEnrichments$XtensionPositionLspInverse.toMeta(MtagsEnrichments.scala:179)
	at scala.meta.internal.parsing.Trees.$anonfun$findLastEnclosingAt$4(Trees.scala:77)
	at scala.Option.flatMap(Option.scala:283)
	at scala.meta.internal.parsing.Trees.findLastEnclosingAt(Trees.scala:76)
	at scala.meta.internal.metals.codeactions.PatternMatchRefactor.contribute(PatternMatchRefactor.scala:96)
	at scala.meta.internal.metals.CodeActionProvider$$anonfun$1.applyOrElse(CodeActionProvider.scala:66)
	at scala.meta.internal.metals.CodeActionProvider$$anonfun$1.applyOrElse(CodeActionProvider.scala:65)
	at scala.collection.immutable.List.collect(List.scala:275)
	at scala.meta.internal.metals.CodeActionProvider.codeActions(CodeActionProvider.scala:65)
	at scala.meta.internal.metals.MetalsLanguageServer.$anonfun$codeAction$1(MetalsLanguageServer.scala:1652)
	at scala.meta.internal.metals.CancelTokens$.future(CancelTokens.scala:38)
	at scala.meta.internal.metals.MetalsLanguageServer.codeAction(MetalsLanguageServer.scala:1651)
	... 15 more

ago 04, 2022 11:34:11 PM org.eclipse.lsp4j.jsonrpc.RemoteEndpoint fallbackResponseError
GRAVE: Internal error: java.lang.IllegalArgumentException: 13 is not a valid line number, allowed [0..0]
java.util.concurrent.CompletionException: java.lang.IllegalArgumentException: 13 is not a valid line number, allowed [0..0]
	at java.util.concurrent.CompletableFuture.encodeThrowable(CompletableFuture.java:292)
	at java.util.concurrent.CompletableFuture.completeThrowable(CompletableFuture.java:308)
	at java.util.concurrent.CompletableFuture.uniAccept(CompletableFuture.java:661)
	at java.util.concurrent.CompletableFuture$UniAccept.tryFire(CompletableFuture.java:646)
	at java.util.concurrent.CompletableFuture.postComplete(CompletableFuture.java:488)
	at java.util.concurrent.CompletableFuture.completeExceptionally(CompletableFuture.java:1990)
	at scala.meta.internal.metals.CancelTokens$.$anonfun$future$1(CancelTokens.scala:40)
	at scala.meta.internal.metals.CancelTokens$.$anonfun$future$1$adapted(CancelTokens.scala:38)
	at scala.concurrent.impl.Promise$Transformation.run(Promise.scala:484)
	at java.util.concurrent.ThreadPoolExecutor.runWorker(ThreadPoolExecutor.java:1149)
	at java.util.concurrent.ThreadPoolExecutor$Worker.run(ThreadPoolExecutor.java:624)
	at java.lang.Thread.run(Thread.java:748)
Caused by: java.lang.IllegalArgumentException: 13 is not a valid line number, allowed [0..0]
	at scala.meta.internal.inputs.InternalInput.lineToOffset(InternalInput.scala:37)
	at scala.meta.internal.inputs.InternalInput.lineToOffset$(InternalInput.scala:32)
	at scala.meta.inputs.Input$VirtualFile.lineToOffset(Input.scala:80)
	at scala.meta.inputs.Position$Range$.apply(Position.scala:59)
	at scala.meta.internal.mtags.MtagsEnrichments$XtensionPositionLspInverse.toMeta(MtagsEnrichments.scala:179)
	at scala.meta.internal.parsing.Trees.$anonfun$findLastEnclosingAt$4(Trees.scala:77)
	at scala.Option.flatMap(Option.scala:283)
	at scala.meta.internal.parsing.Trees.findLastEnclosingAt(Trees.scala:76)
	at scala.meta.internal.metals.codeactions.InsertInferredType.$anonfun$contribute$1(InsertInferredType.scala:66)
	at scala.concurrent.Future$.$anonfun$apply$1(Future.scala:678)
	at scala.concurrent.impl.Promise$Transformation.run(Promise.scala:467)
	... 3 more

2022.08.04 23:39:17 WARN  no build target for: C:\Users\Jcsus\Desktop\Scala-Exercises\src\MatchingBrackets.scala
2022.08.04 23:39:44 WARN  no build target for: C:\Users\Jcsus\Desktop\Scala-Exercises\src\MatchingBrackets.scala
2022.08.04 23:47:10 INFO  shutting down Metals
2022.08.04 23:47:10 WARN  Error requesting Ammonite importorg.eclipse.lsp4j.jsonrpc.ResponseErrorException: Request window/showMessageRequest failed with message: Canceled
	at org.eclipse.lsp4j.jsonrpc.RemoteEndpoint.handleResponse(RemoteEndpoint.java:209)
	at org.eclipse.lsp4j.jsonrpc.RemoteEndpoint.consume(RemoteEndpoint.java:193)
	at org.eclipse.lsp4j.jsonrpc.json.StreamMessageProducer.handleMessage(StreamMessageProducer.java:194)
	at org.eclipse.lsp4j.jsonrpc.json.StreamMessageProducer.listen(StreamMessageProducer.java:94)
	at org.eclipse.lsp4j.jsonrpc.json.ConcurrentMessageProcessor.run(ConcurrentMessageProcessor.java:113)
	at java.util.concurrent.Executors$RunnableAdapter.call(Executors.java:511)
	at java.util.concurrent.FutureTask.run(FutureTask.java:266)
	at java.util.concurrent.ThreadPoolExecutor.runWorker(ThreadPoolExecutor.java:1149)
	at java.util.concurrent.ThreadPoolExecutor$Worker.run(ThreadPoolExecutor.java:624)
	at java.lang.Thread.run(Thread.java:748)

2022.08.05 10:13:43 INFO  tracing is disabled for protocol LSP, to enable tracing of incoming and outgoing JSON messages create an empty file at c:\Users\Jcsus\Desktop\Scala-Exercises\.metals\lsp.trace.json or C:\Users\Jcsus\AppData\Local\scalameta\metals\cache\lsp.trace.json
2022.08.05 10:13:45 INFO  logging to file C:\Users\Jcsus\Desktop\Scala-Exercises\.metals\metals.log
2022.08.05 10:13:45 INFO  Started: Metals version 0.11.7 in workspace 'C:\Users\Jcsus\Desktop\Scala-Exercises' for client Visual Studio Code 1.70.0.
2022.08.05 10:13:46 INFO  time: initialize in 1.58s
2022.08.05 10:13:48 WARN  Flyway upgrade recommended: H2 2.1.214 is newer than this version of Flyway and support has not been tested. The latest supported version of H2 is 2.1.210.
2022.08.05 10:13:48 WARN  Build server is not auto-connectable.
2022.08.05 10:13:48 WARN  no build tool detected in workspace 'C:\Users\Jcsus\Desktop\Scala-Exercises'. The most common cause for this problem is that the editor was opened in the wrong working directory, for example if you use sbt then the workspace directory should contain build.sbt. 
2022.08.05 10:13:49 WARN  no build target for: C:\Users\Jcsus\Desktop\Scala-Exercises\src\FlattenArray.scala
2022.08.05 10:13:49 WARN  no build target for: C:\Users\Jcsus\Desktop\Scala-Exercises\src\MatchingBrackets.scala
2022.08.05 10:13:53 INFO  no build target found for C:\Users\Jcsus\Desktop\Scala-Exercises\src\MatchingBrackets.scala. Using presentation compiler with project's scala-library version: 3.1.3
2022.08.05 10:13:58 INFO  time: code lens generation in 7.62s
2022.08.05 10:45:00 WARN  no build target for: C:\Users\Jcsus\Desktop\Scala-Exercises\src\Leap.scala
2022.08.05 11:34:39 WARN  no build target for: C:\Users\Jcsus\Desktop\Scala-Exercises\src\GradeSchool.scala
2022.08.05 11:34:49 WARN  no build target for: C:\Users\Jcsus\Desktop\Scala-Exercises\src\School.scala
ago 05, 2022 11:34:57 AM org.eclipse.lsp4j.jsonrpc.RemoteEndpoint handleCancellation
ADVERTENCIA: Unmatched cancel notification for request id 33
2022.08.05 11:35:10 WARN  no build target for: C:\Users\Jcsus\Desktop\Scala-Exercises\src\FlattenArray.scala
2022.08.05 11:35:12 WARN  no build target for: C:\Users\Jcsus\Desktop\Scala-Exercises\src\School.scala
2022.08.05 12:49:41 WARN  no build target for: C:\Users\Jcsus\Desktop\Scala-Exercises\src\School.scala
2022.08.05 13:01:51 INFO  shutting down Metals
2022.08.05 14:05:33 INFO  tracing is disabled for protocol LSP, to enable tracing of incoming and outgoing JSON messages create an empty file at c:\Users\Jcsus\Desktop\Scala-Exercises\.metals\lsp.trace.json or C:\Users\Jcsus\AppData\Local\scalameta\metals\cache\lsp.trace.json
2022.08.05 14:05:35 INFO  logging to file C:\Users\Jcsus\Desktop\Scala-Exercises\.metals\metals.log
2022.08.05 14:05:35 INFO  Started: Metals version 0.11.7 in workspace 'C:\Users\Jcsus\Desktop\Scala-Exercises' for client Visual Studio Code 1.70.0.
2022.08.05 14:05:43 INFO  time: initialize in 8.66s
2022.08.05 14:05:43 WARN  Flyway upgrade recommended: H2 2.1.214 is newer than this version of Flyway and support has not been tested. The latest supported version of H2 is 2.1.210.
2022.08.05 14:05:43 WARN  Build server is not auto-connectable.
2022.08.05 14:05:43 WARN  no build tool detected in workspace 'C:\Users\Jcsus\Desktop\Scala-Exercises'. The most common cause for this problem is that the editor was opened in the wrong working directory, for example if you use sbt then the workspace directory should contain build.sbt. 
2022.08.05 14:05:45 WARN  no build target for: C:\Users\Jcsus\Desktop\Scala-Exercises\src\School.scala
2022.08.05 14:05:45 WARN  no build target for: C:\Users\Jcsus\Desktop\Scala-Exercises\src\ArmstrongNumber.scala
2022.08.05 14:05:52 INFO  no build target found for C:\Users\Jcsus\Desktop\Scala-Exercises\src\School.scala. Using presentation compiler with project's scala-library version: 3.1.3
2022.08.05 14:05:56 INFO  time: code lens generation in 11s
2022.08.05 14:11:09 WARN  no build target for: C:\Users\Jcsus\Desktop\Scala-Exercises\src\ArmstrongNumber.scala
2022.08.05 14:11:12 WARN  no build target for: C:\Users\Jcsus\Desktop\Scala-Exercises\src\FlattenArray.scala
2022.08.05 14:11:14 WARN  no build target for: C:\Users\Jcsus\Desktop\Scala-Exercises\src\Leap.scala
2022.08.05 14:11:15 WARN  no build target for: C:\Users\Jcsus\Desktop\Scala-Exercises\src\MatchingBrackets.scala
2022.08.05 15:33:49 WARN  no build target for: C:\Users\Jcsus\Desktop\Scala-Exercises\src\FlattenArray.scala
2022.08.05 15:33:56 WARN  no build target for: C:\Users\Jcsus\Desktop\Scala-Exercises\src\Leap.scala
2022.08.05 15:33:56 WARN  no build target for: C:\Users\Jcsus\Desktop\Scala-Exercises\src\MatchingBrackets.scala
2022.08.05 15:34:44 WARN  no build target for: C:\Users\Jcsus\Desktop\Scala-Exercises\src\School.scala
2022.08.05 19:43:59 INFO  time: code lens generation in 2.75s
2022.08.05 19:52:56 INFO  shutting down Metals
2022.08.06 11:36:45 INFO  tracing is disabled for protocol LSP, to enable tracing of incoming and outgoing JSON messages create an empty file at c:\Users\Jcsus\Desktop\Scala-Exercises\.metals\lsp.trace.json or C:\Users\Jcsus\AppData\Local\scalameta\metals\cache\lsp.trace.json
2022.08.06 11:36:47 INFO  logging to file C:\Users\Jcsus\Desktop\Scala-Exercises\.metals\metals.log
2022.08.06 11:36:47 INFO  Started: Metals version 0.11.7 in workspace 'C:\Users\Jcsus\Desktop\Scala-Exercises' for client Visual Studio Code 1.70.0.
2022.08.06 11:36:48 INFO  time: initialize in 1.31s
2022.08.06 11:36:48 WARN  Flyway upgrade recommended: H2 2.1.214 is newer than this version of Flyway and support has not been tested. The latest supported version of H2 is 2.1.210.
2022.08.06 11:36:49 WARN  Build server is not auto-connectable.
2022.08.06 11:36:49 WARN  no build tool detected in workspace 'C:\Users\Jcsus\Desktop\Scala-Exercises'. The most common cause for this problem is that the editor was opened in the wrong working directory, for example if you use sbt then the workspace directory should contain build.sbt. 
2022.08.06 11:36:52 WARN  no build target for: C:\Users\Jcsus\Desktop\Scala-Exercises\src\School.scala
2022.08.06 11:36:52 WARN  no build target for: C:\Users\Jcsus\Desktop\Scala-Exercises\src\PrimeFactors.scala
ago 06, 2022 11:36:53 A. M. org.eclipse.lsp4j.jsonrpc.RemoteEndpoint handleCancellation
WARNING: Unmatched cancel notification for request id 1
ago 06, 2022 11:36:53 A. M. org.eclipse.lsp4j.jsonrpc.RemoteEndpoint handleCancellation
WARNING: Unmatched cancel notification for request id 2
ago 06, 2022 11:36:53 A. M. org.eclipse.lsp4j.jsonrpc.RemoteEndpoint handleCancellation
WARNING: Unmatched cancel notification for request id 3
ago 06, 2022 11:36:53 A. M. org.eclipse.lsp4j.jsonrpc.RemoteEndpoint handleCancellation
WARNING: Unmatched cancel notification for request id 5
2022.08.06 11:36:57 INFO  no build target found for C:\Users\Jcsus\Desktop\Scala-Exercises\src\School.scala. Using presentation compiler with project's scala-library version: 3.1.3
2022.08.06 11:37:01 INFO  time: code lens generation in 3.29s
2022.08.06 11:37:01 INFO  time: code lens generation in 7.87s
2022.08.06 11:37:01 INFO  time: code lens generation in 7.91s
2022.08.06 11:37:01 INFO  time: code lens generation in 8.07s
2022.08.06 11:37:52 WARN  no build target for: C:\Users\Jcsus\Desktop\Scala-Exercises\src\Etl.scala
2022.08.06 11:38:21 WARN  no build target for: C:\Users\Jcsus\Desktop\Scala-Exercises\src\Etl.scala
2022.08.06 11:51:39 WARN  no build target for: C:\Users\Jcsus\Desktop\Scala-Exercises\src\PrimeFactors.scala
2022.08.06 12:17:38 WARN  no build target for: C:\Users\Jcsus\Desktop\Scala-Exercises\src\ArmstrongNumber.scala
2022.08.06 12:17:39 WARN  no build target for: C:\Users\Jcsus\Desktop\Scala-Exercises\src\FlattenArray.scala
2022.08.06 12:17:39 WARN  no build target for: C:\Users\Jcsus\Desktop\Scala-Exercises\src\Leap.scala
2022.08.06 12:17:39 WARN  no build target for: C:\Users\Jcsus\Desktop\Scala-Exercises\src\MatchingBrackets.scala
2022.08.06 12:26:17 INFO  shutting down Metals
2022.08.06 20:59:08 INFO  tracing is disabled for protocol LSP, to enable tracing of incoming and outgoing JSON messages create an empty file at c:\Users\Jcsus\Desktop\Scala-Exercises\.metals\lsp.trace.json or C:\Users\Jcsus\AppData\Local\scalameta\metals\cache\lsp.trace.json
2022.08.06 20:59:10 INFO  logging to file C:\Users\Jcsus\Desktop\Scala-Exercises\.metals\metals.log
2022.08.06 20:59:10 INFO  Started: Metals version 0.11.7 in workspace 'C:\Users\Jcsus\Desktop\Scala-Exercises' for client Visual Studio Code 1.70.0.
2022.08.06 20:59:11 INFO  time: initialize in 1.4s
2022.08.06 20:59:11 WARN  Flyway upgrade recommended: H2 2.1.214 is newer than this version of Flyway and support has not been tested. The latest supported version of H2 is 2.1.210.
2022.08.06 20:59:11 WARN  Build server is not auto-connectable.
2022.08.06 20:59:11 WARN  no build tool detected in workspace 'C:\Users\Jcsus\Desktop\Scala-Exercises'. The most common cause for this problem is that the editor was opened in the wrong working directory, for example if you use sbt then the workspace directory should contain build.sbt. 
2022.08.06 21:13:38 WARN  no build target for: C:\Users\Jcsus\Desktop\Scala-Exercises\src\ArmstrongNumber.scala
2022.08.06 21:13:44 INFO  no build target found for C:\Users\Jcsus\Desktop\Scala-Exercises\src\ArmstrongNumber.scala. Using presentation compiler with project's scala-library version: 3.1.3
2022.08.06 21:13:45 WARN  no build target for: C:\Users\Jcsus\Desktop\Scala-Exercises\src\Etl.scala
2022.08.06 21:13:45 WARN  no build target for: C:\Users\Jcsus\Desktop\Scala-Exercises\src\FlattenArray.scala
ago 06, 2022 9:13:45 P. M. org.eclipse.lsp4j.jsonrpc.RemoteEndpoint handleCancellation
WARNING: Unmatched cancel notification for request id 12
2022.08.06 21:13:45 WARN  no build target for: C:\Users\Jcsus\Desktop\Scala-Exercises\src\Leap.scala
2022.08.06 21:13:47 INFO  time: code lens generation in 2.68s
2022.08.07 12:51:41 INFO  tracing is disabled for protocol LSP, to enable tracing of incoming and outgoing JSON messages create an empty file at c:\Users\Jcsus\Desktop\Scala-Exercises\.metals\lsp.trace.json or C:\Users\Jcsus\AppData\Local\scalameta\metals\cache\lsp.trace.json
2022.08.07 12:51:43 INFO  logging to file C:\Users\Jcsus\Desktop\Scala-Exercises\.metals\metals.log
2022.08.07 12:51:43 INFO  Started: Metals version 0.11.7 in workspace 'C:\Users\Jcsus\Desktop\Scala-Exercises' for client Visual Studio Code 1.70.0.
2022.08.07 12:51:45 INFO  time: initialize in 2.31s
2022.08.07 12:51:50 WARN  Flyway upgrade recommended: H2 2.1.214 is newer than this version of Flyway and support has not been tested. The latest supported version of H2 is 2.1.210.
2022.08.07 12:51:50 WARN  Build server is not auto-connectable.
2022.08.07 12:51:50 WARN  no build tool detected in workspace 'C:\Users\Jcsus\Desktop\Scala-Exercises'. The most common cause for this problem is that the editor was opened in the wrong working directory, for example if you use sbt then the workspace directory should contain build.sbt. 
2022.08.07 12:51:54 WARN  no build target for: C:\Users\Jcsus\Desktop\Scala-Exercises\src\NthPrime.scala
2022.08.07 12:51:54 WARN  no build target for: C:\Users\Jcsus\Desktop\Scala-Exercises\src\Leap.scala
2022.08.07 12:52:06 INFO  no build target found for C:\Users\Jcsus\Desktop\Scala-Exercises\src\NthPrime.scala. Using presentation compiler with project's scala-library version: 3.1.3
2022.08.07 12:52:12 INFO  time: code lens generation in 16s
2022.08.07 14:14:07 WARN  no build target for: C:\Users\Jcsus\Desktop\Scala-Exercises\src\BinarySearch.scala
Exception in thread "pool-3-thread-1" java.lang.InterruptedException
	at scala.meta.internal.metals.FutureCancelToken.checkCanceled(FutureCancelToken.scala:29)
	at scala.meta.internal.pc.CompilerAccess.onCompilerJobQueue$$anonfun$1(CompilerAccess.scala:196)
	at scala.meta.internal.pc.CompilerJobQueue$Job.run(CompilerJobQueue.scala:152)
	at java.base/java.util.concurrent.ThreadPoolExecutor.runWorker(ThreadPoolExecutor.java:1128)
	at java.base/java.util.concurrent.ThreadPoolExecutor$Worker.run(ThreadPoolExecutor.java:628)
	at java.base/java.lang.Thread.run(Thread.java:834)
2022.08.07 14:14:22 WARN  no build target for: C:\Users\Jcsus\Desktop\Scala-Exercises\src\BinarySearch.scala
2022.08.07 14:14:23 WARN  no build target for: C:\Users\Jcsus\Desktop\Scala-Exercises\src\School.scala
2022.08.07 14:14:24 WARN  no build target for: C:\Users\Jcsus\Desktop\Scala-Exercises\src\PrimeFactors.scala
2022.08.07 15:25:09 WARN  no build target for: C:\Users\Jcsus\Desktop\Scala-Exercises\src\SumOfMultiples.scala
2022.08.07 15:25:40 WARN  no build target for: C:\Users\Jcsus\Desktop\Scala-Exercises\src\SumOfMultiples.scala
2022.08.07 15:25:41 WARN  no build target for: C:\Users\Jcsus\Desktop\Scala-Exercises\src\ArmstrongNumber.scala
2022.08.07 15:25:44 WARN  no build target for: C:\Users\Jcsus\Desktop\Scala-Exercises\src\ArmstrongNumber.scala
2022.08.07 15:25:46 WARN  no build target for: C:\Users\Jcsus\Desktop\Scala-Exercises\src\BinarySearch.scala
2022.08.07 15:25:51 WARN  no build target for: C:\Users\Jcsus\Desktop\Scala-Exercises\src\Etl.scala
2022.08.07 15:25:59 WARN  no build target for: C:\Users\Jcsus\Desktop\Scala-Exercises\src\Etl.scala
2022.08.07 15:26:00 WARN  no build target for: C:\Users\Jcsus\Desktop\Scala-Exercises\src\FlattenArray.scala
2022.08.07 15:26:02 WARN  no build target for: C:\Users\Jcsus\Desktop\Scala-Exercises\src\Leap.scala
2022.08.07 15:26:04 WARN  no build target for: C:\Users\Jcsus\Desktop\Scala-Exercises\src\MatchingBrackets.scala
2022.08.07 15:26:07 WARN  no build target for: C:\Users\Jcsus\Desktop\Scala-Exercises\src\NthPrime.scala
2022.08.07 15:26:08 WARN  no build target for: C:\Users\Jcsus\Desktop\Scala-Exercises\src\PrimeFactors.scala
2022.08.07 15:26:11 WARN  no build target for: C:\Users\Jcsus\Desktop\Scala-Exercises\src\School.scala
2022.08.07 15:26:13 WARN  no build target for: C:\Users\Jcsus\Desktop\Scala-Exercises\src\SumOfMultiples.scala
2022.08.07 15:37:54 INFO  shutting down Metals
2022.08.07 16:21:04 INFO  tracing is disabled for protocol LSP, to enable tracing of incoming and outgoing JSON messages create an empty file at c:\Users\Jcsus\Desktop\Scala-Exercises\.metals\lsp.trace.json or C:\Users\Jcsus\AppData\Local\scalameta\metals\cache\lsp.trace.json
2022.08.07 16:21:05 INFO  logging to file C:\Users\Jcsus\Desktop\Scala-Exercises\.metals\metals.log
2022.08.07 16:21:05 INFO  Started: Metals version 0.11.7 in workspace 'C:\Users\Jcsus\Desktop\Scala-Exercises' for client Visual Studio Code 1.70.0.
2022.08.07 16:21:07 INFO  time: initialize in 1.44s
2022.08.07 16:21:07 WARN  Flyway upgrade recommended: H2 2.1.214 is newer than this version of Flyway and support has not been tested. The latest supported version of H2 is 2.1.210.
2022.08.07 16:21:07 WARN  Build server is not auto-connectable.
2022.08.07 16:21:07 WARN  no build tool detected in workspace 'C:\Users\Jcsus\Desktop\Scala-Exercises'. The most common cause for this problem is that the editor was opened in the wrong working directory, for example if you use sbt then the workspace directory should contain build.sbt. 
2022.08.07 16:21:11 WARN  no build target for: C:\Users\Jcsus\Desktop\Scala-Exercises\src\CollatzConjecture.scala
2022.08.07 16:21:19 INFO  no build target found for C:\Users\Jcsus\Desktop\Scala-Exercises\src\CollatzConjecture.scala. Using presentation compiler with project's scala-library version: 3.1.3
2022.08.07 16:21:20 WARN  no build target for: C:\Users\Jcsus\Desktop\Scala-Exercises\src\SumOfMultiples.scala
2022.08.07 16:21:21 INFO  shutting down Metals
2022.08.07 16:21:25 WARN  Flyway upgrade recommended: H2 2.1.214 is newer than this version of Flyway and support has not been tested. The latest supported version of H2 is 2.1.210.
2022.08.07 16:21:26 INFO  time: code lens generation in 5.42s
2022.08.07 21:05:36 INFO  tracing is disabled for protocol LSP, to enable tracing of incoming and outgoing JSON messages create an empty file at c:\Users\Jcsus\Desktop\Scala-Exercises\.metals\lsp.trace.json or C:\Users\Jcsus\AppData\Local\scalameta\metals\cache\lsp.trace.json
2022.08.07 21:05:40 INFO  logging to file C:\Users\Jcsus\Desktop\Scala-Exercises\.metals\metals.log
2022.08.07 21:05:40 INFO  Started: Metals version 0.11.7 in workspace 'C:\Users\Jcsus\Desktop\Scala-Exercises' for client Visual Studio Code 1.70.0.
2022.08.07 21:05:42 INFO  time: initialize in 2.19s
2022.08.07 21:05:51 WARN  Flyway upgrade recommended: H2 2.1.214 is newer than this version of Flyway and support has not been tested. The latest supported version of H2 is 2.1.210.
2022.08.07 21:05:51 WARN  Build server is not auto-connectable.
2022.08.07 21:05:51 WARN  no build tool detected in workspace 'C:\Users\Jcsus\Desktop\Scala-Exercises'. The most common cause for this problem is that the editor was opened in the wrong working directory, for example if you use sbt then the workspace directory should contain build.sbt. 
2022.08.07 21:05:55 WARN  no build target for: C:\Users\Jcsus\Desktop\Scala-Exercises\src\SumOfMultiples.scala
2022.08.07 21:05:55 WARN  no build target for: C:\Users\Jcsus\Desktop\Scala-Exercises\src\CollatzConjecture.scala
2022.08.07 21:06:03 INFO  no build target found for C:\Users\Jcsus\Desktop\Scala-Exercises\src\SumOfMultiples.scala. Using presentation compiler with project's scala-library version: 3.1.3
ago 07, 2022 9:11:45 P. M. org.eclipse.lsp4j.jsonrpc.services.GenericEndpoint notify
INFO: Unsupported notification method: $/setTrace
2022.08.07 21:48:44 WARN  no build target for: C:\Users\Jcsus\Desktop\Scala-Exercises\src\Isogram.scala
2022.08.07 22:06:37 WARN  no build target for: C:\Users\Jcsus\Desktop\Scala-Exercises\src\Anagram.scala
2022.08.07 22:07:09 WARN  no build target for: C:\Users\Jcsus\Desktop\Scala-Exercises\src\Anagram.scala
2022.08.07 22:07:27 WARN  no build target for: C:\Users\Jcsus\Desktop\Scala-Exercises\src\Anagram.scala
2022.08.07 22:07:34 WARN  no build target for: C:\Users\Jcsus\Desktop\Scala-Exercises\src\Isogram.scala
2022.08.07 22:07:49 WARN  no build target for: C:\Users\Jcsus\Desktop\Scala-Exercises\src\CollatzConjecture.scala
2022.08.07 22:07:50 WARN  no build target for: C:\Users\Jcsus\Desktop\Scala-Exercises\src\Anagram.scala
2022.08.07 22:07:51 WARN  no build target for: C:\Users\Jcsus\Desktop\Scala-Exercises\src\ArmstrongNumber.scala
2022.08.07 22:07:51 WARN  no build target for: C:\Users\Jcsus\Desktop\Scala-Exercises\src\BinarySearch.scala
2022.08.07 22:07:52 WARN  no build target for: C:\Users\Jcsus\Desktop\Scala-Exercises\src\CollatzConjecture.scala
2022.08.07 22:07:52 WARN  no build target for: C:\Users\Jcsus\Desktop\Scala-Exercises\src\Etl.scala
2022.08.07 22:07:53 WARN  no build target for: C:\Users\Jcsus\Desktop\Scala-Exercises\src\FlattenArray.scala
2022.08.07 22:07:53 WARN  no build target for: C:\Users\Jcsus\Desktop\Scala-Exercises\src\Isogram.scala
2022.08.07 22:07:54 WARN  no build target for: C:\Users\Jcsus\Desktop\Scala-Exercises\src\Leap.scala
2022.08.07 22:07:54 WARN  no build target for: C:\Users\Jcsus\Desktop\Scala-Exercises\src\MatchingBrackets.scala
2022.08.07 22:07:54 WARN  no build target for: C:\Users\Jcsus\Desktop\Scala-Exercises\src\NthPrime.scala
2022.08.07 22:07:55 WARN  no build target for: C:\Users\Jcsus\Desktop\Scala-Exercises\src\PrimeFactors.scala
2022.08.07 22:07:55 WARN  no build target for: C:\Users\Jcsus\Desktop\Scala-Exercises\src\School.scala
2022.08.07 22:07:56 WARN  no build target for: C:\Users\Jcsus\Desktop\Scala-Exercises\src\SumOfMultiples.scala
2022.08.07 22:23:57 WARN  no build target for: C:\Users\Jcsus\Desktop\Scala-Exercises\src\DifferenceOfSquares.scala
2022.08.07 22:49:18 WARN  no build target for: C:\Users\Jcsus\Desktop\Scala-Exercises\src\Acronym.scala
2022.08.07 22:50:32 WARN  no build target for: C:\Users\Jcsus\Desktop\Scala-Exercises\src\School.scala
2022.08.07 22:50:33 WARN  no build target for: C:\Users\Jcsus\Desktop\Scala-Exercises\src\PrimeFactors.scala
2022.08.07 22:50:33 WARN  no build target for: C:\Users\Jcsus\Desktop\Scala-Exercises\src\NthPrime.scala
2022.08.07 22:50:34 WARN  no build target for: C:\Users\Jcsus\Desktop\Scala-Exercises\src\MatchingBrackets.scala
2022.08.07 22:50:34 WARN  no build target for: C:\Users\Jcsus\Desktop\Scala-Exercises\src\Leap.scala
2022.08.07 22:50:34 WARN  no build target for: C:\Users\Jcsus\Desktop\Scala-Exercises\src\Isogram.scala
2022.08.07 22:50:34 WARN  no build target for: C:\Users\Jcsus\Desktop\Scala-Exercises\src\FlattenArray.scala
2022.08.07 22:50:35 WARN  no build target for: C:\Users\Jcsus\Desktop\Scala-Exercises\src\Etl.scala
2022.08.07 22:53:43 WARN  no build target for: C:\Users\Jcsus\Desktop\Scala-Exercises\src\Acronym.scala
2022.08.07 22:56:02 WARN  no build target for: C:\Users\Jcsus\Desktop\Scala-Exercises\src\DifferenceOfSquares.scala
2022.08.07 22:56:05 WARN  no build target for: C:\Users\Jcsus\Desktop\Scala-Exercises\src\DifferenceOfSquares.scala
